Start testing: May 25 16:15 UTC
----------------------------------------------------------
1/1 Testing: test_hw_10
1/1 Test: test_hw_10
Command: "/home/travis/build/Alkud/OTUS_HOMEWORK_10/otus_hw_10_test"
Directory: /home/travis/build/Alkud/OTUS_HOMEWORK_10
"test_hw_10" start time: May 25 16:15 UTC
Output:
----------------------------------------------------------
Running 14 test cases...

*** No errors detected
<end of output>
Test time =   5.24 sec
----------------------------------------------------------
Test Passed.
"test_hw_10" end time: May 25 16:15 UTC
"test_hw_10" time elapsed: 00:00:05
----------------------------------------------------------

End testing: May 25 16:15 UTC
